2025-10-07 11:45:28,811 - api.domains.security_domain - INFO - ✅ Security UnifiedDetectionEngine loaded successfully.
2025-10-07 17:17:57,584 - api.domains.security_domain - INFO - ✅ Security UnifiedDetectionEngine loaded successfully.
2025-10-07 17:19:02,118 - api.domains.security_domain - ERROR - Anomaly detection failed: Security detector missing detect interface
Traceback (most recent call last):
  File "/Users/greenpianorabbit/Documents/Development/integrated-commerce-and-security-analytics/./api/domains/security_domain.py", line 176, in detect_anomalies
    raise RuntimeError("Security detector missing detect interface")
RuntimeError: Security detector missing detect interface
2025-10-07 10:25:43,337 - api.domains.security_domain - INFO - ✅ Security UnifiedDetectionEngine loaded successfully.
2025-10-07 10:39:03,233 - api.domains.security_domain - INFO - ✅ Security UnifiedDetectionEngine loaded successfully.
2025-10-07 10:40:20,568 - api.domains.security_domain - INFO - ✅ Security UnifiedDetectionEngine loaded successfully.
2025-10-07 19:41:21,581 - api.domains.security_domain - INFO - ✅ Security UnifiedDetectionEngine loaded successfully.
2025-10-07 12:51:11,446 - api.domains.security_domain - INFO - ✅ Security UnifiedDetectionEngine loaded successfully.
2025-10-07 21:51:24,801 - api.domains.security_domain - INFO - ✅ Security UnifiedDetectionEngine loaded successfully.
2025-10-07 12:53:45,117 - api.domains.security_domain - INFO - ✅ Security UnifiedDetectionEngine loaded successfully.
2025-10-07 21:53:58,896 - api.domains.security_domain - INFO - ✅ Security UnifiedDetectionEngine loaded successfully.
2025-10-07 12:54:35,276 - api.domains.security_domain - INFO - ✅ Security UnifiedDetectionEngine loaded successfully.
2025-10-07 21:54:46,273 - api.domains.security_domain - INFO - ✅ Security UnifiedDetectionEngine loaded successfully.
2025-10-07 13:31:05,971 - api.domains.security_domain - INFO - ✅ Security UnifiedDetectionEngine loaded successfully.
2025-10-07 13:31:25,889 - api.domains.security_domain - INFO - ✅ Security UnifiedDetectionEngine loaded successfully.
2025-10-07 22:31:36,723 - api.domains.security_domain - INFO - ✅ Security UnifiedDetectionEngine loaded successfully.
2025-10-07 13:31:49,091 - api.domains.security_domain - INFO - ✅ Security UnifiedDetectionEngine loaded successfully.
2025-10-07 22:31:57,734 - api.domains.security_domain - INFO - ✅ Security UnifiedDetectionEngine loaded successfully.
2025-10-07 13:33:09,259 - api.domains.security_domain - INFO - ✅ Security UnifiedDetectionEngine loaded successfully.
2025-10-07 13:39:17,806 - api.domains.security_domain - INFO - ✅ Security UnifiedDetectionEngine loaded successfully.
